<?xml version="1.0" encoding="UTF-8"?>
<!-- Generated by org.testng.reporters.JUnitXMLReporter -->
<testsuite hostname="DESKTOP-A4GJKOM" ignored="0" name="AdminCredentials" tests="2" failures="0" timestamp="12 Dec 2020 15:46:12 GMT" time="77.275" errors="0">
  <testcase name="TC_01_navigate_homepage_to_admin_login" time="5.325" classname="sailotech.com.AdminCredentialspage.AdminCredentialsTest"/>
  <testcase name="TC_02_adminlogin" time="27.53" classname="sailotech.com.AdminCredentialspage.AdminCredentialsTest"/>
</testsuite> <!-- AdminCredentials -->
